[debug] [2021-01-07T15:01:20.783Z] ----------------------------------------------------------------------
[debug] [2021-01-07T15:01:20.785Z] Command:       D:\Program Files\nodejs\node.exe C:\Users\eryko\AppData\Roaming\npm\node_modules\firebase-tools\lib\bin\firebase.js deploy
[debug] [2021-01-07T15:01:20.785Z] CLI Version:   8.19.0
[debug] [2021-01-07T15:01:20.786Z] Platform:      win32
[debug] [2021-01-07T15:01:20.786Z] Node Version:  v14.15.0
[debug] [2021-01-07T15:01:20.787Z] Time:          Thu Jan 07 2021 16:01:20 GMT+0100 (czas środkowoeuropejski standardowy)
[debug] [2021-01-07T15:01:20.787Z] ----------------------------------------------------------------------
[debug] [2021-01-07T15:01:20.787Z] 
[debug] [2021-01-07T15:01:20.796Z] > command requires scopes: ["email","openid","https://www.googleapis.com/auth/cloudplatformprojects.readonly","https://www.googleapis.com/auth/firebase","https://www.googleapis.com/auth/cloud-platform"]
[debug] [2021-01-07T15:01:20.797Z] > authorizing via signed-in user
[debug] [2021-01-07T15:01:20.798Z] [iam] checking project w-products-984d0 for permissions ["firebase.projects.get","firebasehosting.sites.update"]
[debug] [2021-01-07T15:01:20.801Z] > refreshing access token with scopes: ["email","https://www.googleapis.com/auth/cloud-platform","https://www.googleapis.com/auth/cloudplatformprojects.readonly","https://www.googleapis.com/auth/firebase","openid"]
[debug] [2021-01-07T15:01:20.801Z] >>> HTTP REQUEST POST https://www.googleapis.com/oauth2/v3/token  
 <request body omitted>
[debug] [2021-01-07T15:01:21.200Z] <<< HTTP RESPONSE 200 {"pragma":"no-cache","cache-control":"no-cache, no-store, max-age=0, must-revalidate","date":"Thu, 07 Jan 2021 15:01:21 GMT","expires":"Mon, 01 Jan 1990 00:00:00 GMT","content-type":"application/json; charset=utf-8","vary":"X-Origin, Referer, Origin,Accept-Encoding","server":"scaffolding on HTTPServer2","x-xss-protection":"0","x-frame-options":"SAMEORIGIN","x-content-type-options":"nosniff","alt-svc":"h3-29=\":443\"; ma=2592000,h3-T051=\":443\"; ma=2592000,h3-Q050=\":443\"; ma=2592000,h3-Q046=\":443\"; ma=2592000,h3-Q043=\":443\"; ma=2592000,quic=\":443\"; ma=2592000; v=\"46,43\"","accept-ranges":"none","transfer-encoding":"chunked"}
[debug] [2021-01-07T15:01:21.234Z] >>> HTTP REQUEST POST https://cloudresourcemanager.googleapis.com/v1/projects/w-products-984d0:testIamPermissions  
 {"permissions":["firebase.projects.get","firebasehosting.sites.update"]}
[debug] [2021-01-07T15:01:22.437Z] <<< HTTP RESPONSE 200 {"content-type":"application/json; charset=UTF-8","vary":"X-Origin, Referer, Origin,Accept-Encoding","date":"Thu, 07 Jan 2021 15:01:22 GMT","server":"ESF","cache-control":"private","x-xss-protection":"0","x-frame-options":"SAMEORIGIN","x-content-type-options":"nosniff","server-timing":"gfet4t7; dur=706","alt-svc":"h3-29=\":443\"; ma=2592000,h3-T051=\":443\"; ma=2592000,h3-Q050=\":443\"; ma=2592000,h3-Q046=\":443\"; ma=2592000,h3-Q043=\":443\"; ma=2592000,quic=\":443\"; ma=2592000; v=\"46,43\"","accept-ranges":"none","transfer-encoding":"chunked"}
[debug] [2021-01-07T15:01:22.439Z] >>> HTTP REQUEST GET https://firebase.googleapis.com/v1beta1/projects/w-products-984d0  
 
[debug] [2021-01-07T15:01:23.100Z] <<< HTTP RESPONSE 200 {"content-type":"application/json; charset=UTF-8","vary":"X-Origin, Referer, Origin,Accept-Encoding","date":"Thu, 07 Jan 2021 15:01:23 GMT","server":"ESF","cache-control":"private","x-xss-protection":"0","x-frame-options":"SAMEORIGIN","x-content-type-options":"nosniff","alt-svc":"h3-29=\":443\"; ma=2592000,h3-T051=\":443\"; ma=2592000,h3-Q050=\":443\"; ma=2592000,h3-Q046=\":443\"; ma=2592000,h3-Q043=\":443\"; ma=2592000,quic=\":443\"; ma=2592000; v=\"46,43\"","accept-ranges":"none","transfer-encoding":"chunked"}
[info] 
[info] === Deploying to 'w-products-984d0'...
[info] 
[info] i  deploying hosting 
[debug] [2021-01-07T15:01:23.107Z] >>> HTTP REQUEST POST https://firebasehosting.googleapis.com/v1beta1/sites/w-products-984d0/versions  
 {"config":{"rewrites":[{"glob":"**","path":"/index.html"}]},"labels":{"deployment-tool":"cli-firebase"}}
[debug] [2021-01-07T15:01:24.920Z] <<< HTTP RESPONSE 200 {"content-type":"application/json; charset=UTF-8","vary":"X-Origin, Referer, Origin,Accept-Encoding","date":"Thu, 07 Jan 2021 15:01:25 GMT","server":"ESF","cache-control":"private","x-xss-protection":"0","x-frame-options":"SAMEORIGIN","x-content-type-options":"nosniff","alt-svc":"h3-29=\":443\"; ma=2592000,h3-T051=\":443\"; ma=2592000,h3-Q050=\":443\"; ma=2592000,h3-Q046=\":443\"; ma=2592000,h3-Q043=\":443\"; ma=2592000,quic=\":443\"; ma=2592000; v=\"46,43\"","accept-ranges":"none","transfer-encoding":"chunked"}
[info] i  hosting[w-products-984d0]: beginning deploy... 
[info] i  hosting[w-products-984d0]: found 38 files in build 
[debug] [2021-01-07T15:01:24.947Z] > refreshing access token with scopes: []
[debug] [2021-01-07T15:01:24.947Z] >>> HTTP REQUEST POST https://www.googleapis.com/oauth2/v3/token  
 <request body omitted>
[debug] [2021-01-07T15:01:24.954Z] [hosting] hash cache [YnVpbGQ] stored for 38 files
[debug] [2021-01-07T15:01:24.955Z] [hosting][hash queue][FINAL] {"max":4,"min":0,"avg":0,"active":0,"complete":38,"success":38,"errored":0,"retried":0,"total":38,"elapsed":15}
[debug] [2021-01-07T15:01:25.270Z] <<< HTTP RESPONSE 200 {"pragma":"no-cache","date":"Thu, 07 Jan 2021 15:01:25 GMT","expires":"Mon, 01 Jan 1990 00:00:00 GMT","cache-control":"no-cache, no-store, max-age=0, must-revalidate","content-type":"application/json; charset=utf-8","vary":"X-Origin, Referer, Origin,Accept-Encoding","server":"scaffolding on HTTPServer2","x-xss-protection":"0","x-frame-options":"SAMEORIGIN","x-content-type-options":"nosniff","alt-svc":"h3-29=\":443\"; ma=2592000,h3-T051=\":443\"; ma=2592000,h3-Q050=\":443\"; ma=2592000,h3-Q046=\":443\"; ma=2592000,h3-Q043=\":443\"; ma=2592000,quic=\":443\"; ma=2592000; v=\"46,43\"","accept-ranges":"none","transfer-encoding":"chunked"}
[debug] [2021-01-07T15:01:25.686Z] >>> [apiv2][query] POST https://firebasehosting.googleapis.com/v1beta1/sites/w-products-984d0/versions/e3f90c7a07e24607:populateFiles [none]
[debug] [2021-01-07T15:01:25.686Z] >>> [apiv2][body] POST https://firebasehosting.googleapis.com/v1beta1/sites/w-products-984d0/versions/e3f90c7a07e24607:populateFiles {"files":{"/asset-manifest.json":"b02fe4cf9c51a092aa955702846cd602094dcf5d51624383162635b8f006a03a","/index.html":"478e5254921b9d44139199c238978908f58bbb688ac887122a02aa72cffa4851","/logo192.png":"f15ac55e607d946164481949fa54100f021279e5554891bfb758670c4dc4ec2b","/manifest.json":"aff3449bdc238776f5d6d967f19ec491b36aed5fb7f23ccff6500736fd58494a","/precache-manifest.d24ce8f4b70a9a6d4ba7658eb3004db0.js":"b10ece867a1f596e076a909913bbc3c3c0e34907ce69b2a2ba6a3f6e104410c2","/robots.txt":"bfe106a3fb878dc83461c86818bf74fc1bdc7f28538ba613cd3e775516ce8b49","/service-worker.js":"97d321f40eb52e31cabdd1429a22c3a7f7c4300d0f4094617c470935fa8e1f65","/static/css/main.bd694cd4.chunk.css":"7e7d254816ceee2e51a0ef906822bfc48cf39e648019db4c62578ab50c17a916","/static/css/main.bd694cd4.chunk.css.map":"a031668aafef45325b6aa0892ffa50a1a5e4216ac5ca04d26e695534710712e0","/static/js/2.863f3a94.chunk.js":"ede4336a19fa18bf15bb3c0af4809a5faf2e9ba503c85279123648084014f100","/static/js/2.863f3a94.chunk.js.LICENSE.txt":"189acfac02ce55a67de220e53eae8b14e134713248cfda08c06ed63f43dedf45","/static/js/2.863f3a94.chunk.js.map":"57c350f649d0deaefa0891d7044065f3f4d1fc0531c876743f29580a3e469e73","/static/js/main.c2d8158c.chunk.js":"69f669bd9c3c75cbac7e363fbd7e9e1b5fbc57a516dbe3e5ae63aa8c6a649586","/static/js/main.c2d8158c.chunk.js.map":"edc6e5d92c0a12133a343d7a1daeedfb13059b4a9bbf9c87a622f1cff45a5172","/static/js/runtime-main.5f291895.js":"5e2aed963e93f1a4822635b1563d54a70df4e98d2aea4dbbbe42f127e4403a89","/static/js/runtime-main.5f291895.js.map":"7920de5015be7d6f4686483ebf0f951b61b7880a53010e7112a5a47517088fec","/static/media/mata_ocpl.4745a9de.png":"4b98c02dbc49e4aaedccd150e6ff5f68031c12a28a050e2d0f3ef08c2257c166","/static/media/pdkrm_dadant_36.14abf7a4.png":"f92d1e58c3c3daaa78cf154fc1695245e95587a0aad308441e0c86a7d3933953","/static/media/pdkrm_wlkp_25.12379294.png":"ad37c0ce168cf71215a4096385b75d08a63138439ba5ff1295d9ff3b4d9f3b23","/static/media/pdkrm_wlkp_powlk_10R.94b395a8.png":"c32ae5a1b53ec43865a2f2b4df961219723401cabadb814d7c48eeb89ab74bca","/static/media/pdkrm_wrsz_25.6992f9f7.png":"5149dafaaa140f20131288d1981dcfdb9310a06954e754e1ea02dd36cfd04252","/static/media/pdkrm_wrsz_pszrz_25.fd07320b.png":"52e8cef53e0dde814165d88a61678943a5d211d5191737330ad142f8ca2fc8a7","/static/media/powk_wlkp_10R_1P.56f01055.png":"ddad8fdff4ca6e8273924cf81652cf480aa4bc02a8f44bc3c233c2d0bd85e987","/static/media/powk_wlkp_10R_3P.2cc23b7a.png":"268f573f0842401c767475f193c444d61fa4bd1ec47826e48f65cc930217f9b1","/static/media/prsc_dyst_wlkp_10R.35775ac0.png":"584c32adb71845bba6699a141c69002ed93b576358375693468991648d62685d","/static/media/przgn_wlkp_10R.60d5adb3.png":"d844705cda773e6fbac52c4757fdbfd9bdaec535d36ae639bba9ef68ff65cb20","/static/media/ul_miniplus.8a1ff459.png":"292f68273c19745c4a61935a5ae24bdf924bbc34dc340b873a8b65d81d5e43ed","/static/media/ul_wlkp_6r_nads_pow.c0f14437.png":"95c11651ad4cceb6c2ce463356407fecc2c5143edf16e3b7bcc69c8ba95f96c9","/static/media/ul_wlkp_6r_nads_pow2.4da380c4.png":"2b46f4557971636d3db561b63eecdd865f8e431d3ddffb2a0ef0308070bce62b","/static/media/ul_wlkp_6r_nads_pow3.96023931.png":"64c9883482118fa8016d5d49c2fe634f9abc5da79eec6a22b63fc82372c7f249","/static/media/ztw_dadant.8a10d91d.png":"201c305f2f3034d19a46299ff14ff02f569afc8413672ecb59ef04334c515ace","/static/media/ztw_styr.0cac2e38.png":"6c9f4914fcfbf13f68e27bece689e0d5aa76524713ec8d4e80afb3f56a165115","/static/media/ztw_wlkp.e6cef211.png":"7c3a054535b4f661e239a0cfa09cda0a9260f81726c785a4733396b56255dcbf","/static/media/ztw_wlkp_18_ocpl.eda2e911.png":"cc39b301860569432f5367c635a7a4270eeceb7c2be2b75333f2581cc83e52de","/static/media/ztw_wlkp_ocpl.a0e9d1a9.png":"865b8733b49362ce3fcde61d320fc7187510a5ffacb0a872f21d43f1cbe06a3e","/static/media/ztw_wrsz.52e1abe3.png":"142394e4298cde776565926ce441a1103c12cf427be267724c9c97e99ca2e525","/static/media/ztw_wrsz_ocpl.44a3fb38.png":"51717408988d2f81ff9eee7f23b44d1c616281b596ae1caff2c2ee7069c47d6f","/static/media/ztw_wrsz_pszrz.5c57d91f.png":"08ce3cacb931d4588c1885d6d3c35856310bde1db164777075e2c57e2dd1c3d6"}}
[debug] [2021-01-07T15:01:27.078Z] <<< [apiv2][status] POST https://firebasehosting.googleapis.com/v1beta1/sites/w-products-984d0/versions/e3f90c7a07e24607:populateFiles 200
[debug] [2021-01-07T15:01:27.078Z] <<< [apiv2][body] POST https://firebasehosting.googleapis.com/v1beta1/sites/w-products-984d0/versions/e3f90c7a07e24607:populateFiles {"uploadRequiredHashes":["5149dafaaa140f20131288d1981dcfdb9310a06954e754e1ea02dd36cfd04252","6c9f4914fcfbf13f68e27bece689e0d5aa76524713ec8d4e80afb3f56a165115","cc39b301860569432f5367c635a7a4270eeceb7c2be2b75333f2581cc83e52de","64c9883482118fa8016d5d49c2fe634f9abc5da79eec6a22b63fc82372c7f249","2b46f4557971636d3db561b63eecdd865f8e431d3ddffb2a0ef0308070bce62b","c32ae5a1b53ec43865a2f2b4df961219723401cabadb814d7c48eeb89ab74bca","ad37c0ce168cf71215a4096385b75d08a63138439ba5ff1295d9ff3b4d9f3b23","7c3a054535b4f661e239a0cfa09cda0a9260f81726c785a4733396b56255dcbf","584c32adb71845bba6699a141c69002ed93b576358375693468991648d62685d","268f573f0842401c767475f193c444d61fa4bd1ec47826e48f65cc930217f9b1","ddad8fdff4ca6e8273924cf81652cf480aa4bc02a8f44bc3c233c2d0bd85e987","142394e4298cde776565926ce441a1103c12cf427be267724c9c97e99ca2e525","f92d1e58c3c3daaa78cf154fc1695245e95587a0aad308441e0c86a7d3933953","51717408988d2f81ff9eee7f23b44d1c616281b596ae1caff2c2ee7069c47d6f","95c11651ad4cceb6c2ce463356407fecc2c5143edf16e3b7bcc69c8ba95f96c9","201c305f2f3034d19a46299ff14ff02f569afc8413672ecb59ef04334c515ace","865b8733b49362ce3fcde61d320fc7187510a5ffacb0a872f21d43f1cbe06a3e","4b98c02dbc49e4aaedccd150e6ff5f68031c12a28a050e2d0f3ef08c2257c166","d844705cda773e6fbac52c4757fdbfd9bdaec535d36ae639bba9ef68ff65cb20","08ce3cacb931d4588c1885d6d3c35856310bde1db164777075e2c57e2dd1c3d6"],"uploadUrl":"https://upload-firebasehosting.googleapis.com/upload/sites/w-products-984d0/versions/e3f90c7a07e24607/files"}
[debug] [2021-01-07T15:01:27.084Z] >>> [apiv2][query] POST https://upload-firebasehosting.googleapis.com/upload/sites/w-products-984d0/versions/e3f90c7a07e24607/files/5149dafaaa140f20131288d1981dcfdb9310a06954e754e1ea02dd36cfd04252 [none]
[debug] [2021-01-07T15:01:27.084Z] >>> [apiv2][body] POST https://upload-firebasehosting.googleapis.com/upload/sites/w-products-984d0/versions/e3f90c7a07e24607/files/5149dafaaa140f20131288d1981dcfdb9310a06954e754e1ea02dd36cfd04252 [stream]
[debug] [2021-01-07T15:01:27.085Z] >>> [apiv2][query] POST https://upload-firebasehosting.googleapis.com/upload/sites/w-products-984d0/versions/e3f90c7a07e24607/files/6c9f4914fcfbf13f68e27bece689e0d5aa76524713ec8d4e80afb3f56a165115 [none]
[debug] [2021-01-07T15:01:27.085Z] >>> [apiv2][body] POST https://upload-firebasehosting.googleapis.com/upload/sites/w-products-984d0/versions/e3f90c7a07e24607/files/6c9f4914fcfbf13f68e27bece689e0d5aa76524713ec8d4e80afb3f56a165115 [stream]
[debug] [2021-01-07T15:01:27.086Z] >>> [apiv2][query] POST https://upload-firebasehosting.googleapis.com/upload/sites/w-products-984d0/versions/e3f90c7a07e24607/files/cc39b301860569432f5367c635a7a4270eeceb7c2be2b75333f2581cc83e52de [none]
[debug] [2021-01-07T15:01:27.086Z] >>> [apiv2][body] POST https://upload-firebasehosting.googleapis.com/upload/sites/w-products-984d0/versions/e3f90c7a07e24607/files/cc39b301860569432f5367c635a7a4270eeceb7c2be2b75333f2581cc83e52de [stream]
[debug] [2021-01-07T15:01:27.087Z] >>> [apiv2][query] POST https://upload-firebasehosting.googleapis.com/upload/sites/w-products-984d0/versions/e3f90c7a07e24607/files/64c9883482118fa8016d5d49c2fe634f9abc5da79eec6a22b63fc82372c7f249 [none]
[debug] [2021-01-07T15:01:27.087Z] >>> [apiv2][body] POST https://upload-firebasehosting.googleapis.com/upload/sites/w-products-984d0/versions/e3f90c7a07e24607/files/64c9883482118fa8016d5d49c2fe634f9abc5da79eec6a22b63fc82372c7f249 [stream]
[debug] [2021-01-07T15:01:27.088Z] >>> [apiv2][query] POST https://upload-firebasehosting.googleapis.com/upload/sites/w-products-984d0/versions/e3f90c7a07e24607/files/2b46f4557971636d3db561b63eecdd865f8e431d3ddffb2a0ef0308070bce62b [none]
[debug] [2021-01-07T15:01:27.088Z] >>> [apiv2][body] POST https://upload-firebasehosting.googleapis.com/upload/sites/w-products-984d0/versions/e3f90c7a07e24607/files/2b46f4557971636d3db561b63eecdd865f8e431d3ddffb2a0ef0308070bce62b [stream]
[debug] [2021-01-07T15:01:27.089Z] >>> [apiv2][query] POST https://upload-firebasehosting.googleapis.com/upload/sites/w-products-984d0/versions/e3f90c7a07e24607/files/c32ae5a1b53ec43865a2f2b4df961219723401cabadb814d7c48eeb89ab74bca [none]
[debug] [2021-01-07T15:01:27.089Z] >>> [apiv2][body] POST https://upload-firebasehosting.googleapis.com/upload/sites/w-products-984d0/versions/e3f90c7a07e24607/files/c32ae5a1b53ec43865a2f2b4df961219723401cabadb814d7c48eeb89ab74bca [stream]
[debug] [2021-01-07T15:01:27.090Z] >>> [apiv2][query] POST https://upload-firebasehosting.googleapis.com/upload/sites/w-products-984d0/versions/e3f90c7a07e24607/files/ad37c0ce168cf71215a4096385b75d08a63138439ba5ff1295d9ff3b4d9f3b23 [none]
[debug] [2021-01-07T15:01:27.090Z] >>> [apiv2][body] POST https://upload-firebasehosting.googleapis.com/upload/sites/w-products-984d0/versions/e3f90c7a07e24607/files/ad37c0ce168cf71215a4096385b75d08a63138439ba5ff1295d9ff3b4d9f3b23 [stream]
[debug] [2021-01-07T15:01:27.091Z] >>> [apiv2][query] POST https://upload-firebasehosting.googleapis.com/upload/sites/w-products-984d0/versions/e3f90c7a07e24607/files/7c3a054535b4f661e239a0cfa09cda0a9260f81726c785a4733396b56255dcbf [none]
[debug] [2021-01-07T15:01:27.091Z] >>> [apiv2][body] POST https://upload-firebasehosting.googleapis.com/upload/sites/w-products-984d0/versions/e3f90c7a07e24607/files/7c3a054535b4f661e239a0cfa09cda0a9260f81726c785a4733396b56255dcbf [stream]
[debug] [2021-01-07T15:01:27.091Z] >>> [apiv2][query] POST https://upload-firebasehosting.googleapis.com/upload/sites/w-products-984d0/versions/e3f90c7a07e24607/files/584c32adb71845bba6699a141c69002ed93b576358375693468991648d62685d [none]
[debug] [2021-01-07T15:01:27.091Z] >>> [apiv2][body] POST https://upload-firebasehosting.googleapis.com/upload/sites/w-products-984d0/versions/e3f90c7a07e24607/files/584c32adb71845bba6699a141c69002ed93b576358375693468991648d62685d [stream]
[debug] [2021-01-07T15:01:27.092Z] >>> [apiv2][query] POST https://upload-firebasehosting.googleapis.com/upload/sites/w-products-984d0/versions/e3f90c7a07e24607/files/268f573f0842401c767475f193c444d61fa4bd1ec47826e48f65cc930217f9b1 [none]
[debug] [2021-01-07T15:01:27.092Z] >>> [apiv2][body] POST https://upload-firebasehosting.googleapis.com/upload/sites/w-products-984d0/versions/e3f90c7a07e24607/files/268f573f0842401c767475f193c444d61fa4bd1ec47826e48f65cc930217f9b1 [stream]
[debug] [2021-01-07T15:01:27.093Z] >>> [apiv2][query] POST https://upload-firebasehosting.googleapis.com/upload/sites/w-products-984d0/versions/e3f90c7a07e24607/files/ddad8fdff4ca6e8273924cf81652cf480aa4bc02a8f44bc3c233c2d0bd85e987 [none]
[debug] [2021-01-07T15:01:27.093Z] >>> [apiv2][body] POST https://upload-firebasehosting.googleapis.com/upload/sites/w-products-984d0/versions/e3f90c7a07e24607/files/ddad8fdff4ca6e8273924cf81652cf480aa4bc02a8f44bc3c233c2d0bd85e987 [stream]
[debug] [2021-01-07T15:01:27.093Z] >>> [apiv2][query] POST https://upload-firebasehosting.googleapis.com/upload/sites/w-products-984d0/versions/e3f90c7a07e24607/files/142394e4298cde776565926ce441a1103c12cf427be267724c9c97e99ca2e525 [none]
[debug] [2021-01-07T15:01:27.094Z] >>> [apiv2][body] POST https://upload-firebasehosting.googleapis.com/upload/sites/w-products-984d0/versions/e3f90c7a07e24607/files/142394e4298cde776565926ce441a1103c12cf427be267724c9c97e99ca2e525 [stream]
[debug] [2021-01-07T15:01:27.096Z] >>> [apiv2][query] POST https://upload-firebasehosting.googleapis.com/upload/sites/w-products-984d0/versions/e3f90c7a07e24607/files/f92d1e58c3c3daaa78cf154fc1695245e95587a0aad308441e0c86a7d3933953 [none]
[debug] [2021-01-07T15:01:27.097Z] >>> [apiv2][body] POST https://upload-firebasehosting.googleapis.com/upload/sites/w-products-984d0/versions/e3f90c7a07e24607/files/f92d1e58c3c3daaa78cf154fc1695245e95587a0aad308441e0c86a7d3933953 [stream]
[debug] [2021-01-07T15:01:27.097Z] >>> [apiv2][query] POST https://upload-firebasehosting.googleapis.com/upload/sites/w-products-984d0/versions/e3f90c7a07e24607/files/51717408988d2f81ff9eee7f23b44d1c616281b596ae1caff2c2ee7069c47d6f [none]
[debug] [2021-01-07T15:01:27.097Z] >>> [apiv2][body] POST https://upload-firebasehosting.googleapis.com/upload/sites/w-products-984d0/versions/e3f90c7a07e24607/files/51717408988d2f81ff9eee7f23b44d1c616281b596ae1caff2c2ee7069c47d6f [stream]
[debug] [2021-01-07T15:01:27.098Z] >>> [apiv2][query] POST https://upload-firebasehosting.googleapis.com/upload/sites/w-products-984d0/versions/e3f90c7a07e24607/files/95c11651ad4cceb6c2ce463356407fecc2c5143edf16e3b7bcc69c8ba95f96c9 [none]
[debug] [2021-01-07T15:01:27.098Z] >>> [apiv2][body] POST https://upload-firebasehosting.googleapis.com/upload/sites/w-products-984d0/versions/e3f90c7a07e24607/files/95c11651ad4cceb6c2ce463356407fecc2c5143edf16e3b7bcc69c8ba95f96c9 [stream]
[debug] [2021-01-07T15:01:27.099Z] >>> [apiv2][query] POST https://upload-firebasehosting.googleapis.com/upload/sites/w-products-984d0/versions/e3f90c7a07e24607/files/201c305f2f3034d19a46299ff14ff02f569afc8413672ecb59ef04334c515ace [none]
[debug] [2021-01-07T15:01:27.099Z] >>> [apiv2][body] POST https://upload-firebasehosting.googleapis.com/upload/sites/w-products-984d0/versions/e3f90c7a07e24607/files/201c305f2f3034d19a46299ff14ff02f569afc8413672ecb59ef04334c515ace [stream]
[debug] [2021-01-07T15:01:27.099Z] >>> [apiv2][query] POST https://upload-firebasehosting.googleapis.com/upload/sites/w-products-984d0/versions/e3f90c7a07e24607/files/865b8733b49362ce3fcde61d320fc7187510a5ffacb0a872f21d43f1cbe06a3e [none]
[debug] [2021-01-07T15:01:27.099Z] >>> [apiv2][body] POST https://upload-firebasehosting.googleapis.com/upload/sites/w-products-984d0/versions/e3f90c7a07e24607/files/865b8733b49362ce3fcde61d320fc7187510a5ffacb0a872f21d43f1cbe06a3e [stream]
[debug] [2021-01-07T15:01:27.100Z] >>> [apiv2][query] POST https://upload-firebasehosting.googleapis.com/upload/sites/w-products-984d0/versions/e3f90c7a07e24607/files/4b98c02dbc49e4aaedccd150e6ff5f68031c12a28a050e2d0f3ef08c2257c166 [none]
[debug] [2021-01-07T15:01:27.100Z] >>> [apiv2][body] POST https://upload-firebasehosting.googleapis.com/upload/sites/w-products-984d0/versions/e3f90c7a07e24607/files/4b98c02dbc49e4aaedccd150e6ff5f68031c12a28a050e2d0f3ef08c2257c166 [stream]
[debug] [2021-01-07T15:01:27.101Z] >>> [apiv2][query] POST https://upload-firebasehosting.googleapis.com/upload/sites/w-products-984d0/versions/e3f90c7a07e24607/files/d844705cda773e6fbac52c4757fdbfd9bdaec535d36ae639bba9ef68ff65cb20 [none]
[debug] [2021-01-07T15:01:27.101Z] >>> [apiv2][body] POST https://upload-firebasehosting.googleapis.com/upload/sites/w-products-984d0/versions/e3f90c7a07e24607/files/d844705cda773e6fbac52c4757fdbfd9bdaec535d36ae639bba9ef68ff65cb20 [stream]
[debug] [2021-01-07T15:01:27.102Z] >>> [apiv2][query] POST https://upload-firebasehosting.googleapis.com/upload/sites/w-products-984d0/versions/e3f90c7a07e24607/files/08ce3cacb931d4588c1885d6d3c35856310bde1db164777075e2c57e2dd1c3d6 [none]
[debug] [2021-01-07T15:01:27.102Z] >>> [apiv2][body] POST https://upload-firebasehosting.googleapis.com/upload/sites/w-products-984d0/versions/e3f90c7a07e24607/files/08ce3cacb931d4588c1885d6d3c35856310bde1db164777075e2c57e2dd1c3d6 [stream]
[debug] [2021-01-07T15:01:27.102Z] [hosting][populate queue][FINAL] {"max":2138,"min":2138,"avg":2138,"active":0,"complete":1,"success":1,"errored":0,"retried":0,"total":1,"elapsed":2156}
[debug] [2021-01-07T15:01:27.103Z] [hosting] uploads queued: 20
[debug] [2021-01-07T15:01:57.496Z] [uploadQueue] Retrying task 5149dafaaa140f20131288d1981dcfdb9310a06954e754e1ea02dd36cfd04252
[debug] [2021-01-07T15:01:57.497Z] >>> [apiv2][query] POST https://upload-firebasehosting.googleapis.com/upload/sites/w-products-984d0/versions/e3f90c7a07e24607/files/5149dafaaa140f20131288d1981dcfdb9310a06954e754e1ea02dd36cfd04252 [none]
[debug] [2021-01-07T15:01:57.497Z] >>> [apiv2][body] POST https://upload-firebasehosting.googleapis.com/upload/sites/w-products-984d0/versions/e3f90c7a07e24607/files/5149dafaaa140f20131288d1981dcfdb9310a06954e754e1ea02dd36cfd04252 [stream]
[debug] [2021-01-07T15:01:57.499Z] [uploadQueue] Retrying task cc39b301860569432f5367c635a7a4270eeceb7c2be2b75333f2581cc83e52de
[debug] [2021-01-07T15:01:57.499Z] >>> [apiv2][query] POST https://upload-firebasehosting.googleapis.com/upload/sites/w-products-984d0/versions/e3f90c7a07e24607/files/cc39b301860569432f5367c635a7a4270eeceb7c2be2b75333f2581cc83e52de [none]
[debug] [2021-01-07T15:01:57.499Z] >>> [apiv2][body] POST https://upload-firebasehosting.googleapis.com/upload/sites/w-products-984d0/versions/e3f90c7a07e24607/files/cc39b301860569432f5367c635a7a4270eeceb7c2be2b75333f2581cc83e52de [stream]
[debug] [2021-01-07T15:01:57.500Z] [uploadQueue] Retrying task 64c9883482118fa8016d5d49c2fe634f9abc5da79eec6a22b63fc82372c7f249
[debug] [2021-01-07T15:01:57.500Z] >>> [apiv2][query] POST https://upload-firebasehosting.googleapis.com/upload/sites/w-products-984d0/versions/e3f90c7a07e24607/files/64c9883482118fa8016d5d49c2fe634f9abc5da79eec6a22b63fc82372c7f249 [none]
[debug] [2021-01-07T15:01:57.500Z] >>> [apiv2][body] POST https://upload-firebasehosting.googleapis.com/upload/sites/w-products-984d0/versions/e3f90c7a07e24607/files/64c9883482118fa8016d5d49c2fe634f9abc5da79eec6a22b63fc82372c7f249 [stream]
[debug] [2021-01-07T15:01:57.501Z] [uploadQueue] Retrying task 2b46f4557971636d3db561b63eecdd865f8e431d3ddffb2a0ef0308070bce62b
[debug] [2021-01-07T15:01:57.502Z] >>> [apiv2][query] POST https://upload-firebasehosting.googleapis.com/upload/sites/w-products-984d0/versions/e3f90c7a07e24607/files/2b46f4557971636d3db561b63eecdd865f8e431d3ddffb2a0ef0308070bce62b [none]
[debug] [2021-01-07T15:01:57.502Z] >>> [apiv2][body] POST https://upload-firebasehosting.googleapis.com/upload/sites/w-products-984d0/versions/e3f90c7a07e24607/files/2b46f4557971636d3db561b63eecdd865f8e431d3ddffb2a0ef0308070bce62b [stream]
[debug] [2021-01-07T15:01:57.502Z] [uploadQueue] Retrying task c32ae5a1b53ec43865a2f2b4df961219723401cabadb814d7c48eeb89ab74bca
[debug] [2021-01-07T15:01:57.503Z] >>> [apiv2][query] POST https://upload-firebasehosting.googleapis.com/upload/sites/w-products-984d0/versions/e3f90c7a07e24607/files/c32ae5a1b53ec43865a2f2b4df961219723401cabadb814d7c48eeb89ab74bca [none]
[debug] [2021-01-07T15:01:57.503Z] >>> [apiv2][body] POST https://upload-firebasehosting.googleapis.com/upload/sites/w-products-984d0/versions/e3f90c7a07e24607/files/c32ae5a1b53ec43865a2f2b4df961219723401cabadb814d7c48eeb89ab74bca [stream]
[debug] [2021-01-07T15:01:57.503Z] [uploadQueue] Retrying task ad37c0ce168cf71215a4096385b75d08a63138439ba5ff1295d9ff3b4d9f3b23
[debug] [2021-01-07T15:01:57.504Z] >>> [apiv2][query] POST https://upload-firebasehosting.googleapis.com/upload/sites/w-products-984d0/versions/e3f90c7a07e24607/files/ad37c0ce168cf71215a4096385b75d08a63138439ba5ff1295d9ff3b4d9f3b23 [none]
[debug] [2021-01-07T15:01:57.504Z] >>> [apiv2][body] POST https://upload-firebasehosting.googleapis.com/upload/sites/w-products-984d0/versions/e3f90c7a07e24607/files/ad37c0ce168cf71215a4096385b75d08a63138439ba5ff1295d9ff3b4d9f3b23 [stream]
[debug] [2021-01-07T15:01:57.505Z] [uploadQueue] Retrying task 7c3a054535b4f661e239a0cfa09cda0a9260f81726c785a4733396b56255dcbf
[debug] [2021-01-07T15:01:57.505Z] >>> [apiv2][query] POST https://upload-firebasehosting.googleapis.com/upload/sites/w-products-984d0/versions/e3f90c7a07e24607/files/7c3a054535b4f661e239a0cfa09cda0a9260f81726c785a4733396b56255dcbf [none]
[debug] [2021-01-07T15:01:57.505Z] >>> [apiv2][body] POST https://upload-firebasehosting.googleapis.com/upload/sites/w-products-984d0/versions/e3f90c7a07e24607/files/7c3a054535b4f661e239a0cfa09cda0a9260f81726c785a4733396b56255dcbf [stream]
[debug] [2021-01-07T15:01:57.506Z] [uploadQueue] Retrying task 584c32adb71845bba6699a141c69002ed93b576358375693468991648d62685d
[debug] [2021-01-07T15:01:57.506Z] >>> [apiv2][query] POST https://upload-firebasehosting.googleapis.com/upload/sites/w-products-984d0/versions/e3f90c7a07e24607/files/584c32adb71845bba6699a141c69002ed93b576358375693468991648d62685d [none]
[debug] [2021-01-07T15:01:57.506Z] >>> [apiv2][body] POST https://upload-firebasehosting.googleapis.com/upload/sites/w-products-984d0/versions/e3f90c7a07e24607/files/584c32adb71845bba6699a141c69002ed93b576358375693468991648d62685d [stream]
[debug] [2021-01-07T15:01:57.507Z] [uploadQueue] Retrying task 268f573f0842401c767475f193c444d61fa4bd1ec47826e48f65cc930217f9b1
[debug] [2021-01-07T15:01:57.508Z] >>> [apiv2][query] POST https://upload-firebasehosting.googleapis.com/upload/sites/w-products-984d0/versions/e3f90c7a07e24607/files/268f573f0842401c767475f193c444d61fa4bd1ec47826e48f65cc930217f9b1 [none]
[debug] [2021-01-07T15:01:57.508Z] >>> [apiv2][body] POST https://upload-firebasehosting.googleapis.com/upload/sites/w-products-984d0/versions/e3f90c7a07e24607/files/268f573f0842401c767475f193c444d61fa4bd1ec47826e48f65cc930217f9b1 [stream]
[debug] [2021-01-07T15:01:57.509Z] [uploadQueue] Retrying task ddad8fdff4ca6e8273924cf81652cf480aa4bc02a8f44bc3c233c2d0bd85e987
[debug] [2021-01-07T15:01:57.509Z] >>> [apiv2][query] POST https://upload-firebasehosting.googleapis.com/upload/sites/w-products-984d0/versions/e3f90c7a07e24607/files/ddad8fdff4ca6e8273924cf81652cf480aa4bc02a8f44bc3c233c2d0bd85e987 [none]
[debug] [2021-01-07T15:01:57.509Z] >>> [apiv2][body] POST https://upload-firebasehosting.googleapis.com/upload/sites/w-products-984d0/versions/e3f90c7a07e24607/files/ddad8fdff4ca6e8273924cf81652cf480aa4bc02a8f44bc3c233c2d0bd85e987 [stream]
[debug] [2021-01-07T15:01:57.510Z] [uploadQueue] Retrying task 95c11651ad4cceb6c2ce463356407fecc2c5143edf16e3b7bcc69c8ba95f96c9
[debug] [2021-01-07T15:01:57.510Z] >>> [apiv2][query] POST https://upload-firebasehosting.googleapis.com/upload/sites/w-products-984d0/versions/e3f90c7a07e24607/files/95c11651ad4cceb6c2ce463356407fecc2c5143edf16e3b7bcc69c8ba95f96c9 [none]
[debug] [2021-01-07T15:01:57.510Z] >>> [apiv2][body] POST https://upload-firebasehosting.googleapis.com/upload/sites/w-products-984d0/versions/e3f90c7a07e24607/files/95c11651ad4cceb6c2ce463356407fecc2c5143edf16e3b7bcc69c8ba95f96c9 [stream]
[debug] [2021-01-07T15:01:57.511Z] [uploadQueue] Retrying task 201c305f2f3034d19a46299ff14ff02f569afc8413672ecb59ef04334c515ace
[debug] [2021-01-07T15:01:57.512Z] >>> [apiv2][query] POST https://upload-firebasehosting.googleapis.com/upload/sites/w-products-984d0/versions/e3f90c7a07e24607/files/201c305f2f3034d19a46299ff14ff02f569afc8413672ecb59ef04334c515ace [none]
[debug] [2021-01-07T15:01:57.512Z] >>> [apiv2][body] POST https://upload-firebasehosting.googleapis.com/upload/sites/w-products-984d0/versions/e3f90c7a07e24607/files/201c305f2f3034d19a46299ff14ff02f569afc8413672ecb59ef04334c515ace [stream]
[debug] [2021-01-07T15:01:57.513Z] [uploadQueue] Retrying task 865b8733b49362ce3fcde61d320fc7187510a5ffacb0a872f21d43f1cbe06a3e
[debug] [2021-01-07T15:01:57.514Z] >>> [apiv2][query] POST https://upload-firebasehosting.googleapis.com/upload/sites/w-products-984d0/versions/e3f90c7a07e24607/files/865b8733b49362ce3fcde61d320fc7187510a5ffacb0a872f21d43f1cbe06a3e [none]
[debug] [2021-01-07T15:01:57.514Z] >>> [apiv2][body] POST https://upload-firebasehosting.googleapis.com/upload/sites/w-products-984d0/versions/e3f90c7a07e24607/files/865b8733b49362ce3fcde61d320fc7187510a5ffacb0a872f21d43f1cbe06a3e [stream]
[debug] [2021-01-07T15:01:57.515Z] [uploadQueue] Retrying task 4b98c02dbc49e4aaedccd150e6ff5f68031c12a28a050e2d0f3ef08c2257c166
[debug] [2021-01-07T15:01:57.515Z] >>> [apiv2][query] POST https://upload-firebasehosting.googleapis.com/upload/sites/w-products-984d0/versions/e3f90c7a07e24607/files/4b98c02dbc49e4aaedccd150e6ff5f68031c12a28a050e2d0f3ef08c2257c166 [none]
[debug] [2021-01-07T15:01:57.515Z] >>> [apiv2][body] POST https://upload-firebasehosting.googleapis.com/upload/sites/w-products-984d0/versions/e3f90c7a07e24607/files/4b98c02dbc49e4aaedccd150e6ff5f68031c12a28a050e2d0f3ef08c2257c166 [stream]
[debug] [2021-01-07T15:01:59.601Z] [uploadQueue] Retrying task f92d1e58c3c3daaa78cf154fc1695245e95587a0aad308441e0c86a7d3933953
[debug] [2021-01-07T15:01:59.602Z] >>> [apiv2][query] POST https://upload-firebasehosting.googleapis.com/upload/sites/w-products-984d0/versions/e3f90c7a07e24607/files/f92d1e58c3c3daaa78cf154fc1695245e95587a0aad308441e0c86a7d3933953 [none]
[debug] [2021-01-07T15:01:59.602Z] >>> [apiv2][body] POST https://upload-firebasehosting.googleapis.com/upload/sites/w-products-984d0/versions/e3f90c7a07e24607/files/f92d1e58c3c3daaa78cf154fc1695245e95587a0aad308441e0c86a7d3933953 [stream]
[debug] [2021-01-07T15:01:59.744Z] [uploadQueue] Retrying task 51717408988d2f81ff9eee7f23b44d1c616281b596ae1caff2c2ee7069c47d6f
[debug] [2021-01-07T15:01:59.744Z] >>> [apiv2][query] POST https://upload-firebasehosting.googleapis.com/upload/sites/w-products-984d0/versions/e3f90c7a07e24607/files/51717408988d2f81ff9eee7f23b44d1c616281b596ae1caff2c2ee7069c47d6f [none]
[debug] [2021-01-07T15:01:59.745Z] >>> [apiv2][body] POST https://upload-firebasehosting.googleapis.com/upload/sites/w-products-984d0/versions/e3f90c7a07e24607/files/51717408988d2f81ff9eee7f23b44d1c616281b596ae1caff2c2ee7069c47d6f [stream]
[debug] [2021-01-07T15:02:02.381Z] [uploadQueue] Retrying task 142394e4298cde776565926ce441a1103c12cf427be267724c9c97e99ca2e525
[debug] [2021-01-07T15:02:02.382Z] >>> [apiv2][query] POST https://upload-firebasehosting.googleapis.com/upload/sites/w-products-984d0/versions/e3f90c7a07e24607/files/142394e4298cde776565926ce441a1103c12cf427be267724c9c97e99ca2e525 [none]
[debug] [2021-01-07T15:02:02.382Z] >>> [apiv2][body] POST https://upload-firebasehosting.googleapis.com/upload/sites/w-products-984d0/versions/e3f90c7a07e24607/files/142394e4298cde776565926ce441a1103c12cf427be267724c9c97e99ca2e525 [stream]
[debug] [2021-01-07T15:02:03.233Z] [uploadQueue] Retrying task 6c9f4914fcfbf13f68e27bece689e0d5aa76524713ec8d4e80afb3f56a165115
[debug] [2021-01-07T15:02:03.233Z] >>> [apiv2][query] POST https://upload-firebasehosting.googleapis.com/upload/sites/w-products-984d0/versions/e3f90c7a07e24607/files/6c9f4914fcfbf13f68e27bece689e0d5aa76524713ec8d4e80afb3f56a165115 [none]
[debug] [2021-01-07T15:02:03.233Z] >>> [apiv2][body] POST https://upload-firebasehosting.googleapis.com/upload/sites/w-products-984d0/versions/e3f90c7a07e24607/files/6c9f4914fcfbf13f68e27bece689e0d5aa76524713ec8d4e80afb3f56a165115 [stream]
[debug] [2021-01-07T15:02:12.993Z] [uploadQueue] Retrying task 08ce3cacb931d4588c1885d6d3c35856310bde1db164777075e2c57e2dd1c3d6
[debug] [2021-01-07T15:02:12.994Z] >>> [apiv2][query] POST https://upload-firebasehosting.googleapis.com/upload/sites/w-products-984d0/versions/e3f90c7a07e24607/files/08ce3cacb931d4588c1885d6d3c35856310bde1db164777075e2c57e2dd1c3d6 [none]
[debug] [2021-01-07T15:02:12.994Z] >>> [apiv2][body] POST https://upload-firebasehosting.googleapis.com/upload/sites/w-products-984d0/versions/e3f90c7a07e24607/files/08ce3cacb931d4588c1885d6d3c35856310bde1db164777075e2c57e2dd1c3d6 [stream]
[debug] [2021-01-07T15:02:16.899Z] [uploadQueue] Retrying task d844705cda773e6fbac52c4757fdbfd9bdaec535d36ae639bba9ef68ff65cb20
[debug] [2021-01-07T15:02:16.901Z] >>> [apiv2][query] POST https://upload-firebasehosting.googleapis.com/upload/sites/w-products-984d0/versions/e3f90c7a07e24607/files/d844705cda773e6fbac52c4757fdbfd9bdaec535d36ae639bba9ef68ff65cb20 [none]
[debug] [2021-01-07T15:02:16.901Z] >>> [apiv2][body] POST https://upload-firebasehosting.googleapis.com/upload/sites/w-products-984d0/versions/e3f90c7a07e24607/files/d844705cda773e6fbac52c4757fdbfd9bdaec535d36ae639bba9ef68ff65cb20 [stream]
[debug] [2021-01-07T15:02:28.339Z] [uploadQueue] Retrying task 5149dafaaa140f20131288d1981dcfdb9310a06954e754e1ea02dd36cfd04252
[debug] [2021-01-07T15:02:28.339Z] >>> [apiv2][query] POST https://upload-firebasehosting.googleapis.com/upload/sites/w-products-984d0/versions/e3f90c7a07e24607/files/5149dafaaa140f20131288d1981dcfdb9310a06954e754e1ea02dd36cfd04252 [none]
[debug] [2021-01-07T15:02:28.340Z] >>> [apiv2][body] POST https://upload-firebasehosting.googleapis.com/upload/sites/w-products-984d0/versions/e3f90c7a07e24607/files/5149dafaaa140f20131288d1981dcfdb9310a06954e754e1ea02dd36cfd04252 [stream]
[debug] [2021-01-07T15:02:28.341Z] [uploadQueue] Retrying task cc39b301860569432f5367c635a7a4270eeceb7c2be2b75333f2581cc83e52de
[debug] [2021-01-07T15:02:28.341Z] >>> [apiv2][query] POST https://upload-firebasehosting.googleapis.com/upload/sites/w-products-984d0/versions/e3f90c7a07e24607/files/cc39b301860569432f5367c635a7a4270eeceb7c2be2b75333f2581cc83e52de [none]
[debug] [2021-01-07T15:02:28.341Z] >>> [apiv2][body] POST https://upload-firebasehosting.googleapis.com/upload/sites/w-products-984d0/versions/e3f90c7a07e24607/files/cc39b301860569432f5367c635a7a4270eeceb7c2be2b75333f2581cc83e52de [stream]
[debug] [2021-01-07T15:02:28.342Z] [uploadQueue] Retrying task 64c9883482118fa8016d5d49c2fe634f9abc5da79eec6a22b63fc82372c7f249
[debug] [2021-01-07T15:02:28.342Z] >>> [apiv2][query] POST https://upload-firebasehosting.googleapis.com/upload/sites/w-products-984d0/versions/e3f90c7a07e24607/files/64c9883482118fa8016d5d49c2fe634f9abc5da79eec6a22b63fc82372c7f249 [none]
[debug] [2021-01-07T15:02:28.342Z] >>> [apiv2][body] POST https://upload-firebasehosting.googleapis.com/upload/sites/w-products-984d0/versions/e3f90c7a07e24607/files/64c9883482118fa8016d5d49c2fe634f9abc5da79eec6a22b63fc82372c7f249 [stream]
[debug] [2021-01-07T15:02:28.343Z] [uploadQueue] Retrying task 2b46f4557971636d3db561b63eecdd865f8e431d3ddffb2a0ef0308070bce62b
[debug] [2021-01-07T15:02:28.344Z] >>> [apiv2][query] POST https://upload-firebasehosting.googleapis.com/upload/sites/w-products-984d0/versions/e3f90c7a07e24607/files/2b46f4557971636d3db561b63eecdd865f8e431d3ddffb2a0ef0308070bce62b [none]
[debug] [2021-01-07T15:02:28.344Z] >>> [apiv2][body] POST https://upload-firebasehosting.googleapis.com/upload/sites/w-products-984d0/versions/e3f90c7a07e24607/files/2b46f4557971636d3db561b63eecdd865f8e431d3ddffb2a0ef0308070bce62b [stream]
[debug] [2021-01-07T15:02:28.345Z] [uploadQueue] Retrying task c32ae5a1b53ec43865a2f2b4df961219723401cabadb814d7c48eeb89ab74bca
[debug] [2021-01-07T15:02:28.345Z] >>> [apiv2][query] POST https://upload-firebasehosting.googleapis.com/upload/sites/w-products-984d0/versions/e3f90c7a07e24607/files/c32ae5a1b53ec43865a2f2b4df961219723401cabadb814d7c48eeb89ab74bca [none]
[debug] [2021-01-07T15:02:28.345Z] >>> [apiv2][body] POST https://upload-firebasehosting.googleapis.com/upload/sites/w-products-984d0/versions/e3f90c7a07e24607/files/c32ae5a1b53ec43865a2f2b4df961219723401cabadb814d7c48eeb89ab74bca [stream]
[debug] [2021-01-07T15:02:28.347Z] [uploadQueue] Retrying task ad37c0ce168cf71215a4096385b75d08a63138439ba5ff1295d9ff3b4d9f3b23
[debug] [2021-01-07T15:02:28.351Z] >>> [apiv2][query] POST https://upload-firebasehosting.googleapis.com/upload/sites/w-products-984d0/versions/e3f90c7a07e24607/files/ad37c0ce168cf71215a4096385b75d08a63138439ba5ff1295d9ff3b4d9f3b23 [none]
[debug] [2021-01-07T15:02:28.351Z] >>> [apiv2][body] POST https://upload-firebasehosting.googleapis.com/upload/sites/w-products-984d0/versions/e3f90c7a07e24607/files/ad37c0ce168cf71215a4096385b75d08a63138439ba5ff1295d9ff3b4d9f3b23 [stream]
[debug] [2021-01-07T15:02:28.353Z] [uploadQueue] Retrying task 7c3a054535b4f661e239a0cfa09cda0a9260f81726c785a4733396b56255dcbf
[debug] [2021-01-07T15:02:28.353Z] >>> [apiv2][query] POST https://upload-firebasehosting.googleapis.com/upload/sites/w-products-984d0/versions/e3f90c7a07e24607/files/7c3a054535b4f661e239a0cfa09cda0a9260f81726c785a4733396b56255dcbf [none]
[debug] [2021-01-07T15:02:28.353Z] >>> [apiv2][body] POST https://upload-firebasehosting.googleapis.com/upload/sites/w-products-984d0/versions/e3f90c7a07e24607/files/7c3a054535b4f661e239a0cfa09cda0a9260f81726c785a4733396b56255dcbf [stream]
[debug] [2021-01-07T15:02:28.354Z] [uploadQueue] Retrying task 584c32adb71845bba6699a141c69002ed93b576358375693468991648d62685d
[debug] [2021-01-07T15:02:28.354Z] >>> [apiv2][query] POST https://upload-firebasehosting.googleapis.com/upload/sites/w-products-984d0/versions/e3f90c7a07e24607/files/584c32adb71845bba6699a141c69002ed93b576358375693468991648d62685d [none]
[debug] [2021-01-07T15:02:28.354Z] >>> [apiv2][body] POST https://upload-firebasehosting.googleapis.com/upload/sites/w-products-984d0/versions/e3f90c7a07e24607/files/584c32adb71845bba6699a141c69002ed93b576358375693468991648d62685d [stream]
[debug] [2021-01-07T15:02:28.355Z] [uploadQueue] Retrying task 268f573f0842401c767475f193c444d61fa4bd1ec47826e48f65cc930217f9b1
[debug] [2021-01-07T15:02:28.355Z] >>> [apiv2][query] POST https://upload-firebasehosting.googleapis.com/upload/sites/w-products-984d0/versions/e3f90c7a07e24607/files/268f573f0842401c767475f193c444d61fa4bd1ec47826e48f65cc930217f9b1 [none]
[debug] [2021-01-07T15:02:28.355Z] >>> [apiv2][body] POST https://upload-firebasehosting.googleapis.com/upload/sites/w-products-984d0/versions/e3f90c7a07e24607/files/268f573f0842401c767475f193c444d61fa4bd1ec47826e48f65cc930217f9b1 [stream]
[debug] [2021-01-07T15:02:28.356Z] [uploadQueue] Retrying task ddad8fdff4ca6e8273924cf81652cf480aa4bc02a8f44bc3c233c2d0bd85e987
[debug] [2021-01-07T15:02:28.357Z] >>> [apiv2][query] POST https://upload-firebasehosting.googleapis.com/upload/sites/w-products-984d0/versions/e3f90c7a07e24607/files/ddad8fdff4ca6e8273924cf81652cf480aa4bc02a8f44bc3c233c2d0bd85e987 [none]
[debug] [2021-01-07T15:02:28.357Z] >>> [apiv2][body] POST https://upload-firebasehosting.googleapis.com/upload/sites/w-products-984d0/versions/e3f90c7a07e24607/files/ddad8fdff4ca6e8273924cf81652cf480aa4bc02a8f44bc3c233c2d0bd85e987 [stream]
[debug] [2021-01-07T15:02:28.358Z] [uploadQueue] Retrying task 95c11651ad4cceb6c2ce463356407fecc2c5143edf16e3b7bcc69c8ba95f96c9
[debug] [2021-01-07T15:02:28.359Z] >>> [apiv2][query] POST https://upload-firebasehosting.googleapis.com/upload/sites/w-products-984d0/versions/e3f90c7a07e24607/files/95c11651ad4cceb6c2ce463356407fecc2c5143edf16e3b7bcc69c8ba95f96c9 [none]
[debug] [2021-01-07T15:02:28.359Z] >>> [apiv2][body] POST https://upload-firebasehosting.googleapis.com/upload/sites/w-products-984d0/versions/e3f90c7a07e24607/files/95c11651ad4cceb6c2ce463356407fecc2c5143edf16e3b7bcc69c8ba95f96c9 [stream]
[debug] [2021-01-07T15:02:28.359Z] [uploadQueue] Retrying task 201c305f2f3034d19a46299ff14ff02f569afc8413672ecb59ef04334c515ace
[debug] [2021-01-07T15:02:28.360Z] >>> [apiv2][query] POST https://upload-firebasehosting.googleapis.com/upload/sites/w-products-984d0/versions/e3f90c7a07e24607/files/201c305f2f3034d19a46299ff14ff02f569afc8413672ecb59ef04334c515ace [none]
[debug] [2021-01-07T15:02:28.360Z] >>> [apiv2][body] POST https://upload-firebasehosting.googleapis.com/upload/sites/w-products-984d0/versions/e3f90c7a07e24607/files/201c305f2f3034d19a46299ff14ff02f569afc8413672ecb59ef04334c515ace [stream]
[debug] [2021-01-07T15:02:28.361Z] [uploadQueue] Retrying task 865b8733b49362ce3fcde61d320fc7187510a5ffacb0a872f21d43f1cbe06a3e
[debug] [2021-01-07T15:02:28.361Z] >>> [apiv2][query] POST https://upload-firebasehosting.googleapis.com/upload/sites/w-products-984d0/versions/e3f90c7a07e24607/files/865b8733b49362ce3fcde61d320fc7187510a5ffacb0a872f21d43f1cbe06a3e [none]
[debug] [2021-01-07T15:02:28.361Z] >>> [apiv2][body] POST https://upload-firebasehosting.googleapis.com/upload/sites/w-products-984d0/versions/e3f90c7a07e24607/files/865b8733b49362ce3fcde61d320fc7187510a5ffacb0a872f21d43f1cbe06a3e [stream]
[debug] [2021-01-07T15:02:28.362Z] [uploadQueue] Retrying task 4b98c02dbc49e4aaedccd150e6ff5f68031c12a28a050e2d0f3ef08c2257c166
[debug] [2021-01-07T15:02:28.362Z] >>> [apiv2][query] POST https://upload-firebasehosting.googleapis.com/upload/sites/w-products-984d0/versions/e3f90c7a07e24607/files/4b98c02dbc49e4aaedccd150e6ff5f68031c12a28a050e2d0f3ef08c2257c166 [none]
[debug] [2021-01-07T15:02:28.362Z] >>> [apiv2][body] POST https://upload-firebasehosting.googleapis.com/upload/sites/w-products-984d0/versions/e3f90c7a07e24607/files/4b98c02dbc49e4aaedccd150e6ff5f68031c12a28a050e2d0f3ef08c2257c166 [stream]
[debug] [2021-01-07T15:02:32.514Z] [uploadQueue] Retrying task f92d1e58c3c3daaa78cf154fc1695245e95587a0aad308441e0c86a7d3933953
[debug] [2021-01-07T15:02:32.515Z] >>> [apiv2][query] POST https://upload-firebasehosting.googleapis.com/upload/sites/w-products-984d0/versions/e3f90c7a07e24607/files/f92d1e58c3c3daaa78cf154fc1695245e95587a0aad308441e0c86a7d3933953 [none]
[debug] [2021-01-07T15:02:32.515Z] >>> [apiv2][body] POST https://upload-firebasehosting.googleapis.com/upload/sites/w-products-984d0/versions/e3f90c7a07e24607/files/f92d1e58c3c3daaa78cf154fc1695245e95587a0aad308441e0c86a7d3933953 [stream]
[debug] [2021-01-07T15:02:32.805Z] [uploadQueue] Retrying task 51717408988d2f81ff9eee7f23b44d1c616281b596ae1caff2c2ee7069c47d6f
[debug] [2021-01-07T15:02:32.806Z] >>> [apiv2][query] POST https://upload-firebasehosting.googleapis.com/upload/sites/w-products-984d0/versions/e3f90c7a07e24607/files/51717408988d2f81ff9eee7f23b44d1c616281b596ae1caff2c2ee7069c47d6f [none]
[debug] [2021-01-07T15:02:32.806Z] >>> [apiv2][body] POST https://upload-firebasehosting.googleapis.com/upload/sites/w-products-984d0/versions/e3f90c7a07e24607/files/51717408988d2f81ff9eee7f23b44d1c616281b596ae1caff2c2ee7069c47d6f [stream]
[debug] [2021-01-07T15:02:38.078Z] [uploadQueue] Retrying task 142394e4298cde776565926ce441a1103c12cf427be267724c9c97e99ca2e525
[debug] [2021-01-07T15:02:38.079Z] >>> [apiv2][query] POST https://upload-firebasehosting.googleapis.com/upload/sites/w-products-984d0/versions/e3f90c7a07e24607/files/142394e4298cde776565926ce441a1103c12cf427be267724c9c97e99ca2e525 [none]
[debug] [2021-01-07T15:02:38.079Z] >>> [apiv2][body] POST https://upload-firebasehosting.googleapis.com/upload/sites/w-products-984d0/versions/e3f90c7a07e24607/files/142394e4298cde776565926ce441a1103c12cf427be267724c9c97e99ca2e525 [stream]
[debug] [2021-01-07T15:02:39.792Z] [uploadQueue] Retrying task 6c9f4914fcfbf13f68e27bece689e0d5aa76524713ec8d4e80afb3f56a165115
[debug] [2021-01-07T15:02:39.793Z] >>> [apiv2][query] POST https://upload-firebasehosting.googleapis.com/upload/sites/w-products-984d0/versions/e3f90c7a07e24607/files/6c9f4914fcfbf13f68e27bece689e0d5aa76524713ec8d4e80afb3f56a165115 [none]
[debug] [2021-01-07T15:02:39.793Z] >>> [apiv2][body] POST https://upload-firebasehosting.googleapis.com/upload/sites/w-products-984d0/versions/e3f90c7a07e24607/files/6c9f4914fcfbf13f68e27bece689e0d5aa76524713ec8d4e80afb3f56a165115 [stream]
[debug] [2021-01-07T15:02:59.310Z] [uploadQueue] Retrying task 08ce3cacb931d4588c1885d6d3c35856310bde1db164777075e2c57e2dd1c3d6
[debug] [2021-01-07T15:02:59.311Z] >>> [apiv2][query] POST https://upload-firebasehosting.googleapis.com/upload/sites/w-products-984d0/versions/e3f90c7a07e24607/files/08ce3cacb931d4588c1885d6d3c35856310bde1db164777075e2c57e2dd1c3d6 [none]
[debug] [2021-01-07T15:02:59.311Z] >>> [apiv2][body] POST https://upload-firebasehosting.googleapis.com/upload/sites/w-products-984d0/versions/e3f90c7a07e24607/files/08ce3cacb931d4588c1885d6d3c35856310bde1db164777075e2c57e2dd1c3d6 [stream]
[debug] [2021-01-07T15:02:59.944Z] [uploadQueue] Retrying task 5149dafaaa140f20131288d1981dcfdb9310a06954e754e1ea02dd36cfd04252
[debug] [2021-01-07T15:02:59.945Z] >>> [apiv2][query] POST https://upload-firebasehosting.googleapis.com/upload/sites/w-products-984d0/versions/e3f90c7a07e24607/files/5149dafaaa140f20131288d1981dcfdb9310a06954e754e1ea02dd36cfd04252 [none]
[debug] [2021-01-07T15:02:59.945Z] >>> [apiv2][body] POST https://upload-firebasehosting.googleapis.com/upload/sites/w-products-984d0/versions/e3f90c7a07e24607/files/5149dafaaa140f20131288d1981dcfdb9310a06954e754e1ea02dd36cfd04252 [stream]
[debug] [2021-01-07T15:02:59.946Z] [uploadQueue] Retrying task cc39b301860569432f5367c635a7a4270eeceb7c2be2b75333f2581cc83e52de
[debug] [2021-01-07T15:02:59.946Z] >>> [apiv2][query] POST https://upload-firebasehosting.googleapis.com/upload/sites/w-products-984d0/versions/e3f90c7a07e24607/files/cc39b301860569432f5367c635a7a4270eeceb7c2be2b75333f2581cc83e52de [none]
[debug] [2021-01-07T15:02:59.946Z] >>> [apiv2][body] POST https://upload-firebasehosting.googleapis.com/upload/sites/w-products-984d0/versions/e3f90c7a07e24607/files/cc39b301860569432f5367c635a7a4270eeceb7c2be2b75333f2581cc83e52de [stream]
[debug] [2021-01-07T15:02:59.947Z] [uploadQueue] Retrying task 64c9883482118fa8016d5d49c2fe634f9abc5da79eec6a22b63fc82372c7f249
[debug] [2021-01-07T15:02:59.948Z] >>> [apiv2][query] POST https://upload-firebasehosting.googleapis.com/upload/sites/w-products-984d0/versions/e3f90c7a07e24607/files/64c9883482118fa8016d5d49c2fe634f9abc5da79eec6a22b63fc82372c7f249 [none]
[debug] [2021-01-07T15:02:59.948Z] >>> [apiv2][body] POST https://upload-firebasehosting.googleapis.com/upload/sites/w-products-984d0/versions/e3f90c7a07e24607/files/64c9883482118fa8016d5d49c2fe634f9abc5da79eec6a22b63fc82372c7f249 [stream]
[debug] [2021-01-07T15:02:59.959Z] [uploadQueue] Retrying task 2b46f4557971636d3db561b63eecdd865f8e431d3ddffb2a0ef0308070bce62b
[debug] [2021-01-07T15:02:59.960Z] >>> [apiv2][query] POST https://upload-firebasehosting.googleapis.com/upload/sites/w-products-984d0/versions/e3f90c7a07e24607/files/2b46f4557971636d3db561b63eecdd865f8e431d3ddffb2a0ef0308070bce62b [none]
[debug] [2021-01-07T15:02:59.960Z] >>> [apiv2][body] POST https://upload-firebasehosting.googleapis.com/upload/sites/w-products-984d0/versions/e3f90c7a07e24607/files/2b46f4557971636d3db561b63eecdd865f8e431d3ddffb2a0ef0308070bce62b [stream]
[debug] [2021-01-07T15:02:59.961Z] [uploadQueue] Retrying task c32ae5a1b53ec43865a2f2b4df961219723401cabadb814d7c48eeb89ab74bca
[debug] [2021-01-07T15:02:59.961Z] >>> [apiv2][query] POST https://upload-firebasehosting.googleapis.com/upload/sites/w-products-984d0/versions/e3f90c7a07e24607/files/c32ae5a1b53ec43865a2f2b4df961219723401cabadb814d7c48eeb89ab74bca [none]
[debug] [2021-01-07T15:02:59.961Z] >>> [apiv2][body] POST https://upload-firebasehosting.googleapis.com/upload/sites/w-products-984d0/versions/e3f90c7a07e24607/files/c32ae5a1b53ec43865a2f2b4df961219723401cabadb814d7c48eeb89ab74bca [stream]
[debug] [2021-01-07T15:02:59.962Z] [uploadQueue] Retrying task ad37c0ce168cf71215a4096385b75d08a63138439ba5ff1295d9ff3b4d9f3b23
[debug] [2021-01-07T15:02:59.962Z] >>> [apiv2][query] POST https://upload-firebasehosting.googleapis.com/upload/sites/w-products-984d0/versions/e3f90c7a07e24607/files/ad37c0ce168cf71215a4096385b75d08a63138439ba5ff1295d9ff3b4d9f3b23 [none]
[debug] [2021-01-07T15:02:59.962Z] >>> [apiv2][body] POST https://upload-firebasehosting.googleapis.com/upload/sites/w-products-984d0/versions/e3f90c7a07e24607/files/ad37c0ce168cf71215a4096385b75d08a63138439ba5ff1295d9ff3b4d9f3b23 [stream]
[debug] [2021-01-07T15:02:59.963Z] [uploadQueue] Retrying task 7c3a054535b4f661e239a0cfa09cda0a9260f81726c785a4733396b56255dcbf
[debug] [2021-01-07T15:02:59.963Z] >>> [apiv2][query] POST https://upload-firebasehosting.googleapis.com/upload/sites/w-products-984d0/versions/e3f90c7a07e24607/files/7c3a054535b4f661e239a0cfa09cda0a9260f81726c785a4733396b56255dcbf [none]
[debug] [2021-01-07T15:02:59.963Z] >>> [apiv2][body] POST https://upload-firebasehosting.googleapis.com/upload/sites/w-products-984d0/versions/e3f90c7a07e24607/files/7c3a054535b4f661e239a0cfa09cda0a9260f81726c785a4733396b56255dcbf [stream]
[debug] [2021-01-07T15:02:59.964Z] [uploadQueue] Retrying task 584c32adb71845bba6699a141c69002ed93b576358375693468991648d62685d
[debug] [2021-01-07T15:02:59.964Z] >>> [apiv2][query] POST https://upload-firebasehosting.googleapis.com/upload/sites/w-products-984d0/versions/e3f90c7a07e24607/files/584c32adb71845bba6699a141c69002ed93b576358375693468991648d62685d [none]
[debug] [2021-01-07T15:02:59.964Z] >>> [apiv2][body] POST https://upload-firebasehosting.googleapis.com/upload/sites/w-products-984d0/versions/e3f90c7a07e24607/files/584c32adb71845bba6699a141c69002ed93b576358375693468991648d62685d [stream]
[debug] [2021-01-07T15:02:59.966Z] [uploadQueue] Retrying task 268f573f0842401c767475f193c444d61fa4bd1ec47826e48f65cc930217f9b1
[debug] [2021-01-07T15:02:59.966Z] >>> [apiv2][query] POST https://upload-firebasehosting.googleapis.com/upload/sites/w-products-984d0/versions/e3f90c7a07e24607/files/268f573f0842401c767475f193c444d61fa4bd1ec47826e48f65cc930217f9b1 [none]
[debug] [2021-01-07T15:02:59.966Z] >>> [apiv2][body] POST https://upload-firebasehosting.googleapis.com/upload/sites/w-products-984d0/versions/e3f90c7a07e24607/files/268f573f0842401c767475f193c444d61fa4bd1ec47826e48f65cc930217f9b1 [stream]
[debug] [2021-01-07T15:02:59.967Z] [uploadQueue] Retrying task ddad8fdff4ca6e8273924cf81652cf480aa4bc02a8f44bc3c233c2d0bd85e987
[debug] [2021-01-07T15:02:59.967Z] >>> [apiv2][query] POST https://upload-firebasehosting.googleapis.com/upload/sites/w-products-984d0/versions/e3f90c7a07e24607/files/ddad8fdff4ca6e8273924cf81652cf480aa4bc02a8f44bc3c233c2d0bd85e987 [none]
[debug] [2021-01-07T15:02:59.967Z] >>> [apiv2][body] POST https://upload-firebasehosting.googleapis.com/upload/sites/w-products-984d0/versions/e3f90c7a07e24607/files/ddad8fdff4ca6e8273924cf81652cf480aa4bc02a8f44bc3c233c2d0bd85e987 [stream]
[debug] [2021-01-07T15:02:59.969Z] [uploadQueue] Retrying task 95c11651ad4cceb6c2ce463356407fecc2c5143edf16e3b7bcc69c8ba95f96c9
[debug] [2021-01-07T15:02:59.969Z] >>> [apiv2][query] POST https://upload-firebasehosting.googleapis.com/upload/sites/w-products-984d0/versions/e3f90c7a07e24607/files/95c11651ad4cceb6c2ce463356407fecc2c5143edf16e3b7bcc69c8ba95f96c9 [none]
[debug] [2021-01-07T15:02:59.969Z] >>> [apiv2][body] POST https://upload-firebasehosting.googleapis.com/upload/sites/w-products-984d0/versions/e3f90c7a07e24607/files/95c11651ad4cceb6c2ce463356407fecc2c5143edf16e3b7bcc69c8ba95f96c9 [stream]
[debug] [2021-01-07T15:02:59.970Z] [uploadQueue] Retrying task 201c305f2f3034d19a46299ff14ff02f569afc8413672ecb59ef04334c515ace
[debug] [2021-01-07T15:02:59.970Z] >>> [apiv2][query] POST https://upload-firebasehosting.googleapis.com/upload/sites/w-products-984d0/versions/e3f90c7a07e24607/files/201c305f2f3034d19a46299ff14ff02f569afc8413672ecb59ef04334c515ace [none]
[debug] [2021-01-07T15:02:59.970Z] >>> [apiv2][body] POST https://upload-firebasehosting.googleapis.com/upload/sites/w-products-984d0/versions/e3f90c7a07e24607/files/201c305f2f3034d19a46299ff14ff02f569afc8413672ecb59ef04334c515ace [stream]
[debug] [2021-01-07T15:02:59.971Z] [uploadQueue] Retrying task 865b8733b49362ce3fcde61d320fc7187510a5ffacb0a872f21d43f1cbe06a3e
[debug] [2021-01-07T15:02:59.971Z] >>> [apiv2][query] POST https://upload-firebasehosting.googleapis.com/upload/sites/w-products-984d0/versions/e3f90c7a07e24607/files/865b8733b49362ce3fcde61d320fc7187510a5ffacb0a872f21d43f1cbe06a3e [none]
[debug] [2021-01-07T15:02:59.971Z] >>> [apiv2][body] POST https://upload-firebasehosting.googleapis.com/upload/sites/w-products-984d0/versions/e3f90c7a07e24607/files/865b8733b49362ce3fcde61d320fc7187510a5ffacb0a872f21d43f1cbe06a3e [stream]
[debug] [2021-01-07T15:02:59.972Z] [uploadQueue] Retrying task 4b98c02dbc49e4aaedccd150e6ff5f68031c12a28a050e2d0f3ef08c2257c166
[debug] [2021-01-07T15:02:59.972Z] >>> [apiv2][query] POST https://upload-firebasehosting.googleapis.com/upload/sites/w-products-984d0/versions/e3f90c7a07e24607/files/4b98c02dbc49e4aaedccd150e6ff5f68031c12a28a050e2d0f3ef08c2257c166 [none]
[debug] [2021-01-07T15:02:59.972Z] >>> [apiv2][body] POST https://upload-firebasehosting.googleapis.com/upload/sites/w-products-984d0/versions/e3f90c7a07e24607/files/4b98c02dbc49e4aaedccd150e6ff5f68031c12a28a050e2d0f3ef08c2257c166 [stream]
[debug] [2021-01-07T15:03:06.216Z] [uploadQueue] Retrying task f92d1e58c3c3daaa78cf154fc1695245e95587a0aad308441e0c86a7d3933953
[debug] [2021-01-07T15:03:06.217Z] >>> [apiv2][query] POST https://upload-firebasehosting.googleapis.com/upload/sites/w-products-984d0/versions/e3f90c7a07e24607/files/f92d1e58c3c3daaa78cf154fc1695245e95587a0aad308441e0c86a7d3933953 [none]
[debug] [2021-01-07T15:03:06.217Z] >>> [apiv2][body] POST https://upload-firebasehosting.googleapis.com/upload/sites/w-products-984d0/versions/e3f90c7a07e24607/files/f92d1e58c3c3daaa78cf154fc1695245e95587a0aad308441e0c86a7d3933953 [stream]
[debug] [2021-01-07T15:03:06.653Z] [uploadQueue] Retrying task 51717408988d2f81ff9eee7f23b44d1c616281b596ae1caff2c2ee7069c47d6f
[debug] [2021-01-07T15:03:06.653Z] >>> [apiv2][query] POST https://upload-firebasehosting.googleapis.com/upload/sites/w-products-984d0/versions/e3f90c7a07e24607/files/51717408988d2f81ff9eee7f23b44d1c616281b596ae1caff2c2ee7069c47d6f [none]
[debug] [2021-01-07T15:03:06.654Z] >>> [apiv2][body] POST https://upload-firebasehosting.googleapis.com/upload/sites/w-products-984d0/versions/e3f90c7a07e24607/files/51717408988d2f81ff9eee7f23b44d1c616281b596ae1caff2c2ee7069c47d6f [stream]
[debug] [2021-01-07T15:03:07.127Z] [uploadQueue] Retrying task d844705cda773e6fbac52c4757fdbfd9bdaec535d36ae639bba9ef68ff65cb20
[debug] [2021-01-07T15:03:07.127Z] >>> [apiv2][query] POST https://upload-firebasehosting.googleapis.com/upload/sites/w-products-984d0/versions/e3f90c7a07e24607/files/d844705cda773e6fbac52c4757fdbfd9bdaec535d36ae639bba9ef68ff65cb20 [none]
[debug] [2021-01-07T15:03:07.127Z] >>> [apiv2][body] POST https://upload-firebasehosting.googleapis.com/upload/sites/w-products-984d0/versions/e3f90c7a07e24607/files/d844705cda773e6fbac52c4757fdbfd9bdaec535d36ae639bba9ef68ff65cb20 [stream]
[debug] [2021-01-07T15:03:14.574Z] [uploadQueue] Retrying task 142394e4298cde776565926ce441a1103c12cf427be267724c9c97e99ca2e525
[debug] [2021-01-07T15:03:14.575Z] >>> [apiv2][query] POST https://upload-firebasehosting.googleapis.com/upload/sites/w-products-984d0/versions/e3f90c7a07e24607/files/142394e4298cde776565926ce441a1103c12cf427be267724c9c97e99ca2e525 [none]
[debug] [2021-01-07T15:03:14.575Z] >>> [apiv2][body] POST https://upload-firebasehosting.googleapis.com/upload/sites/w-products-984d0/versions/e3f90c7a07e24607/files/142394e4298cde776565926ce441a1103c12cf427be267724c9c97e99ca2e525 [stream]
[debug] [2021-01-07T15:03:17.149Z] [uploadQueue] Retrying task 6c9f4914fcfbf13f68e27bece689e0d5aa76524713ec8d4e80afb3f56a165115
[debug] [2021-01-07T15:03:17.150Z] >>> [apiv2][query] POST https://upload-firebasehosting.googleapis.com/upload/sites/w-products-984d0/versions/e3f90c7a07e24607/files/6c9f4914fcfbf13f68e27bece689e0d5aa76524713ec8d4e80afb3f56a165115 [none]
[debug] [2021-01-07T15:03:17.151Z] >>> [apiv2][body] POST https://upload-firebasehosting.googleapis.com/upload/sites/w-products-984d0/versions/e3f90c7a07e24607/files/6c9f4914fcfbf13f68e27bece689e0d5aa76524713ec8d4e80afb3f56a165115 [stream]
[debug] [2021-01-07T15:03:33.152Z] [uploadQueue] Retrying task 5149dafaaa140f20131288d1981dcfdb9310a06954e754e1ea02dd36cfd04252
[debug] [2021-01-07T15:03:33.153Z] >>> [apiv2][query] POST https://upload-firebasehosting.googleapis.com/upload/sites/w-products-984d0/versions/e3f90c7a07e24607/files/5149dafaaa140f20131288d1981dcfdb9310a06954e754e1ea02dd36cfd04252 [none]
[debug] [2021-01-07T15:03:33.153Z] >>> [apiv2][body] POST https://upload-firebasehosting.googleapis.com/upload/sites/w-products-984d0/versions/e3f90c7a07e24607/files/5149dafaaa140f20131288d1981dcfdb9310a06954e754e1ea02dd36cfd04252 [stream]
[debug] [2021-01-07T15:03:33.154Z] [uploadQueue] Retrying task cc39b301860569432f5367c635a7a4270eeceb7c2be2b75333f2581cc83e52de
[debug] [2021-01-07T15:03:33.154Z] >>> [apiv2][query] POST https://upload-firebasehosting.googleapis.com/upload/sites/w-products-984d0/versions/e3f90c7a07e24607/files/cc39b301860569432f5367c635a7a4270eeceb7c2be2b75333f2581cc83e52de [none]
[debug] [2021-01-07T15:03:33.154Z] >>> [apiv2][body] POST https://upload-firebasehosting.googleapis.com/upload/sites/w-products-984d0/versions/e3f90c7a07e24607/files/cc39b301860569432f5367c635a7a4270eeceb7c2be2b75333f2581cc83e52de [stream]
[debug] [2021-01-07T15:03:33.155Z] [uploadQueue] Retrying task 64c9883482118fa8016d5d49c2fe634f9abc5da79eec6a22b63fc82372c7f249
[debug] [2021-01-07T15:03:33.155Z] >>> [apiv2][query] POST https://upload-firebasehosting.googleapis.com/upload/sites/w-products-984d0/versions/e3f90c7a07e24607/files/64c9883482118fa8016d5d49c2fe634f9abc5da79eec6a22b63fc82372c7f249 [none]
[debug] [2021-01-07T15:03:33.155Z] >>> [apiv2][body] POST https://upload-firebasehosting.googleapis.com/upload/sites/w-products-984d0/versions/e3f90c7a07e24607/files/64c9883482118fa8016d5d49c2fe634f9abc5da79eec6a22b63fc82372c7f249 [stream]
[debug] [2021-01-07T15:03:33.168Z] [uploadQueue] Retrying task 2b46f4557971636d3db561b63eecdd865f8e431d3ddffb2a0ef0308070bce62b
[debug] [2021-01-07T15:03:33.169Z] >>> [apiv2][query] POST https://upload-firebasehosting.googleapis.com/upload/sites/w-products-984d0/versions/e3f90c7a07e24607/files/2b46f4557971636d3db561b63eecdd865f8e431d3ddffb2a0ef0308070bce62b [none]
[debug] [2021-01-07T15:03:33.169Z] >>> [apiv2][body] POST https://upload-firebasehosting.googleapis.com/upload/sites/w-products-984d0/versions/e3f90c7a07e24607/files/2b46f4557971636d3db561b63eecdd865f8e431d3ddffb2a0ef0308070bce62b [stream]
[debug] [2021-01-07T15:03:33.170Z] [uploadQueue] Retrying task c32ae5a1b53ec43865a2f2b4df961219723401cabadb814d7c48eeb89ab74bca
[debug] [2021-01-07T15:03:33.170Z] >>> [apiv2][query] POST https://upload-firebasehosting.googleapis.com/upload/sites/w-products-984d0/versions/e3f90c7a07e24607/files/c32ae5a1b53ec43865a2f2b4df961219723401cabadb814d7c48eeb89ab74bca [none]
[debug] [2021-01-07T15:03:33.170Z] >>> [apiv2][body] POST https://upload-firebasehosting.googleapis.com/upload/sites/w-products-984d0/versions/e3f90c7a07e24607/files/c32ae5a1b53ec43865a2f2b4df961219723401cabadb814d7c48eeb89ab74bca [stream]
[debug] [2021-01-07T15:03:33.171Z] [uploadQueue] Retrying task ad37c0ce168cf71215a4096385b75d08a63138439ba5ff1295d9ff3b4d9f3b23
[debug] [2021-01-07T15:03:33.171Z] >>> [apiv2][query] POST https://upload-firebasehosting.googleapis.com/upload/sites/w-products-984d0/versions/e3f90c7a07e24607/files/ad37c0ce168cf71215a4096385b75d08a63138439ba5ff1295d9ff3b4d9f3b23 [none]
[debug] [2021-01-07T15:03:33.171Z] >>> [apiv2][body] POST https://upload-firebasehosting.googleapis.com/upload/sites/w-products-984d0/versions/e3f90c7a07e24607/files/ad37c0ce168cf71215a4096385b75d08a63138439ba5ff1295d9ff3b4d9f3b23 [stream]
[debug] [2021-01-07T15:03:33.172Z] [uploadQueue] Retrying task 7c3a054535b4f661e239a0cfa09cda0a9260f81726c785a4733396b56255dcbf
[debug] [2021-01-07T15:03:33.172Z] >>> [apiv2][query] POST https://upload-firebasehosting.googleapis.com/upload/sites/w-products-984d0/versions/e3f90c7a07e24607/files/7c3a054535b4f661e239a0cfa09cda0a9260f81726c785a4733396b56255dcbf [none]
[debug] [2021-01-07T15:03:33.172Z] >>> [apiv2][body] POST https://upload-firebasehosting.googleapis.com/upload/sites/w-products-984d0/versions/e3f90c7a07e24607/files/7c3a054535b4f661e239a0cfa09cda0a9260f81726c785a4733396b56255dcbf [stream]
[debug] [2021-01-07T15:03:33.175Z] [uploadQueue] Retrying task 584c32adb71845bba6699a141c69002ed93b576358375693468991648d62685d
[debug] [2021-01-07T15:03:33.175Z] >>> [apiv2][query] POST https://upload-firebasehosting.googleapis.com/upload/sites/w-products-984d0/versions/e3f90c7a07e24607/files/584c32adb71845bba6699a141c69002ed93b576358375693468991648d62685d [none]
[debug] [2021-01-07T15:03:33.175Z] >>> [apiv2][body] POST https://upload-firebasehosting.googleapis.com/upload/sites/w-products-984d0/versions/e3f90c7a07e24607/files/584c32adb71845bba6699a141c69002ed93b576358375693468991648d62685d [stream]
[debug] [2021-01-07T15:03:33.176Z] [uploadQueue] Retrying task 268f573f0842401c767475f193c444d61fa4bd1ec47826e48f65cc930217f9b1
[debug] [2021-01-07T15:03:33.176Z] >>> [apiv2][query] POST https://upload-firebasehosting.googleapis.com/upload/sites/w-products-984d0/versions/e3f90c7a07e24607/files/268f573f0842401c767475f193c444d61fa4bd1ec47826e48f65cc930217f9b1 [none]
[debug] [2021-01-07T15:03:33.177Z] >>> [apiv2][body] POST https://upload-firebasehosting.googleapis.com/upload/sites/w-products-984d0/versions/e3f90c7a07e24607/files/268f573f0842401c767475f193c444d61fa4bd1ec47826e48f65cc930217f9b1 [stream]
[debug] [2021-01-07T15:03:33.177Z] [uploadQueue] Retrying task ddad8fdff4ca6e8273924cf81652cf480aa4bc02a8f44bc3c233c2d0bd85e987
[debug] [2021-01-07T15:03:33.178Z] >>> [apiv2][query] POST https://upload-firebasehosting.googleapis.com/upload/sites/w-products-984d0/versions/e3f90c7a07e24607/files/ddad8fdff4ca6e8273924cf81652cf480aa4bc02a8f44bc3c233c2d0bd85e987 [none]
[debug] [2021-01-07T15:03:33.178Z] >>> [apiv2][body] POST https://upload-firebasehosting.googleapis.com/upload/sites/w-products-984d0/versions/e3f90c7a07e24607/files/ddad8fdff4ca6e8273924cf81652cf480aa4bc02a8f44bc3c233c2d0bd85e987 [stream]
[debug] [2021-01-07T15:03:33.178Z] [uploadQueue] Retrying task 95c11651ad4cceb6c2ce463356407fecc2c5143edf16e3b7bcc69c8ba95f96c9
[debug] [2021-01-07T15:03:33.179Z] >>> [apiv2][query] POST https://upload-firebasehosting.googleapis.com/upload/sites/w-products-984d0/versions/e3f90c7a07e24607/files/95c11651ad4cceb6c2ce463356407fecc2c5143edf16e3b7bcc69c8ba95f96c9 [none]
[debug] [2021-01-07T15:03:33.179Z] >>> [apiv2][body] POST https://upload-firebasehosting.googleapis.com/upload/sites/w-products-984d0/versions/e3f90c7a07e24607/files/95c11651ad4cceb6c2ce463356407fecc2c5143edf16e3b7bcc69c8ba95f96c9 [stream]
[debug] [2021-01-07T15:03:33.179Z] [uploadQueue] Retrying task 201c305f2f3034d19a46299ff14ff02f569afc8413672ecb59ef04334c515ace
[debug] [2021-01-07T15:03:33.180Z] >>> [apiv2][query] POST https://upload-firebasehosting.googleapis.com/upload/sites/w-products-984d0/versions/e3f90c7a07e24607/files/201c305f2f3034d19a46299ff14ff02f569afc8413672ecb59ef04334c515ace [none]
[debug] [2021-01-07T15:03:33.180Z] >>> [apiv2][body] POST https://upload-firebasehosting.googleapis.com/upload/sites/w-products-984d0/versions/e3f90c7a07e24607/files/201c305f2f3034d19a46299ff14ff02f569afc8413672ecb59ef04334c515ace [stream]
[debug] [2021-01-07T15:03:33.180Z] [uploadQueue] Retrying task 865b8733b49362ce3fcde61d320fc7187510a5ffacb0a872f21d43f1cbe06a3e
[debug] [2021-01-07T15:03:33.181Z] >>> [apiv2][query] POST https://upload-firebasehosting.googleapis.com/upload/sites/w-products-984d0/versions/e3f90c7a07e24607/files/865b8733b49362ce3fcde61d320fc7187510a5ffacb0a872f21d43f1cbe06a3e [none]
[debug] [2021-01-07T15:03:33.181Z] >>> [apiv2][body] POST https://upload-firebasehosting.googleapis.com/upload/sites/w-products-984d0/versions/e3f90c7a07e24607/files/865b8733b49362ce3fcde61d320fc7187510a5ffacb0a872f21d43f1cbe06a3e [stream]
[debug] [2021-01-07T15:03:33.183Z] [uploadQueue] Retrying task 4b98c02dbc49e4aaedccd150e6ff5f68031c12a28a050e2d0f3ef08c2257c166
[debug] [2021-01-07T15:03:33.184Z] >>> [apiv2][query] POST https://upload-firebasehosting.googleapis.com/upload/sites/w-products-984d0/versions/e3f90c7a07e24607/files/4b98c02dbc49e4aaedccd150e6ff5f68031c12a28a050e2d0f3ef08c2257c166 [none]
[debug] [2021-01-07T15:03:33.184Z] >>> [apiv2][body] POST https://upload-firebasehosting.googleapis.com/upload/sites/w-products-984d0/versions/e3f90c7a07e24607/files/4b98c02dbc49e4aaedccd150e6ff5f68031c12a28a050e2d0f3ef08c2257c166 [stream]
